{
  "RSpec": {
    "coverage": {
      "/Users/marla/turing/module1/enigma/spec/decrypt_code_spec.rb": {
        "lines": [
          1,
          1,
          1,
          1,
          null,
          1,
          1,
          4,
          4,
          4,
          null,
          null,
          1,
          1,
          null,
          null,
          1,
          1,
          null,
          null,
          1,
          1,
          null,
          null,
          1,
          1,
          1,
          null,
          null
        ]
      },
      "/Users/marla/turing/module1/enigma/lib/decrypt_code.rb": {
        "lines": [
          1,
          1,
          1,
          20,
          null,
          null,
          1,
          3,
          12,
          7,
          null,
          5,
          null,
          null,
          null,
          null,
          1,
          2,
          2,
          2,
          2,
          2,
          6,
          24,
          23,
          3,
          20,
          9,
          null,
          11,
          null,
          23,
          null,
          null,
          null,
          2,
          null,
          null
        ]
      },
      "/Users/marla/turing/module1/enigma/lib/generator.rb": {
        "lines": [
          1,
          1,
          1,
          null,
          null,
          1,
          1,
          1,
          16,
          16,
          16,
          null,
          null,
          null,
          1,
          5,
          30,
          null,
          null,
          1,
          3,
          3,
          3,
          15,
          1,
          null,
          14,
          null,
          null,
          3,
          null,
          null,
          1,
          2,
          null,
          null,
          1,
          1,
          1,
          1,
          4,
          null,
          1,
          null,
          null
        ]
      },
      "/Users/marla/turing/module1/enigma/lib/encrypt_code.rb": {
        "lines": [
          1,
          1,
          1,
          20,
          null,
          null,
          1,
          3,
          12,
          7,
          null,
          5,
          null,
          null,
          null,
          null,
          1,
          2,
          2,
          2,
          2,
          6,
          24,
          23,
          3,
          20,
          9,
          null,
          11,
          null,
          23,
          null,
          null,
          null,
          2,
          null,
          null
        ]
      },
      "/Users/marla/turing/module1/enigma/lib/enigma.rb": {
        "lines": [
          1,
          null,
          1,
          null,
          1,
          1,
          null,
          1,
          null,
          null,
          1,
          null,
          1,
          null,
          null
        ]
      },
      "/Users/marla/turing/module1/enigma/spec/encrypt_code_spec.rb": {
        "lines": [
          1,
          1,
          1,
          1,
          null,
          1,
          1,
          4,
          4,
          4,
          null,
          null,
          1,
          1,
          null,
          null,
          1,
          1,
          null,
          null,
          1,
          1,
          null,
          null,
          1,
          1,
          1,
          null,
          null
        ]
      },
      "/Users/marla/turing/module1/enigma/spec/enigma_spec.rb": {
        "lines": [
          1,
          1,
          null,
          1,
          1,
          3,
          null,
          null,
          1,
          1,
          null,
          null,
          1,
          1,
          null,
          null,
          1,
          1,
          null,
          null,
          null
        ]
      },
      "/Users/marla/turing/module1/enigma/spec/generator_spec.rb": {
        "lines": [
          1,
          1,
          null,
          1,
          1,
          8,
          null,
          null,
          1,
          1,
          null,
          null,
          1,
          1,
          null,
          null,
          1,
          1,
          null,
          null,
          1,
          1,
          null,
          null,
          1,
          0,
          null,
          null,
          1,
          1,
          1,
          1,
          null,
          null,
          null,
          null,
          1,
          1,
          1,
          null,
          null,
          1,
          1,
          null,
          null,
          1,
          1,
          null,
          null,
          null
        ]
      }
    },
    "timestamp": 1623607390
  }
}
