{
  "RSpec": {
    "coverage": {
      "/Users/marla/turing/module1/enigma/spec/decrypt_code_spec.rb": {
        "lines": [
          1,
          1,
          1,
          1,
          null,
          1,
          1,
          4,
          4,
          0,
          null,
          null,
          1,
          0,
          null,
          null,
          1,
          0,
          null,
          null,
          1,
          0,
          null,
          null,
          1,
          0,
          0,
          null,
          null
        ]
      },
      "/Users/marla/turing/module1/enigma/lib/decrypt_code.rb": {
        "lines": [
          1,
          1,
          1,
          21,
          null,
          null,
          1,
          0,
          0,
          0,
          null,
          0,
          null,
          null,
          null,
          null,
          1,
          0,
          0,
          0,
          0,
          0,
          0,
          0,
          0,
          0,
          0,
          0,
          null,
          0,
          null,
          0,
          null,
          null,
          null,
          0,
          null,
          null
        ]
      },
      "/Users/marla/turing/module1/enigma/lib/generator.rb": {
        "lines": [
          1,
          1,
          1,
          1,
          null,
          1,
          1,
          1,
          21,
          21,
          21,
          21,
          null,
          null,
          1,
          5,
          30,
          null,
          null,
          1,
          6,
          6,
          6,
          30,
          4,
          null,
          26,
          null,
          null,
          6,
          null,
          null,
          1,
          5,
          null,
          null,
          1,
          4,
          4,
          4,
          16,
          null,
          4,
          null,
          null,
          1,
          3,
          null,
          null
        ]
      },
      "/Users/marla/turing/module1/enigma/lib/encrypt_code.rb": {
        "lines": [
          1,
          1,
          1,
          25,
          null,
          null,
          1,
          6,
          24,
          12,
          null,
          12,
          null,
          null,
          null,
          null,
          1,
          5,
          5,
          5,
          5,
          15,
          60,
          57,
          9,
          48,
          22,
          null,
          26,
          null,
          57,
          null,
          null,
          null,
          5,
          null,
          null
        ]
      },
      "/Users/marla/turing/module1/enigma/lib/enigma.rb": {
        "lines": [
          1,
          null,
          1,
          1,
          1,
          28,
          null,
          null,
          1,
          1,
          1,
          null,
          null,
          1,
          null,
          0,
          null,
          null
        ]
      },
      "/Users/marla/turing/module1/enigma/spec/encrypt_code_spec.rb": {
        "lines": [
          1,
          1,
          1,
          1,
          null,
          1,
          1,
          4,
          4,
          4,
          null,
          null,
          1,
          1,
          null,
          null,
          1,
          1,
          null,
          null,
          1,
          1,
          null,
          null,
          1,
          1,
          1,
          null,
          null
        ]
      },
      "/Users/marla/turing/module1/enigma/spec/enigma_spec.rb": {
        "lines": [
          1,
          1,
          1,
          null,
          1,
          1,
          3,
          3,
          null,
          null,
          1,
          1,
          null,
          null,
          1,
          1,
          null,
          null,
          1,
          1,
          null,
          null,
          1,
          0,
          null,
          null,
          null
        ]
      },
      "/Users/marla/turing/module1/enigma/spec/generator_spec.rb": {
        "lines": [
          1,
          1,
          null,
          1,
          1,
          10,
          null,
          null,
          1,
          1,
          null,
          null,
          1,
          1,
          null,
          null,
          1,
          1,
          null,
          null,
          1,
          1,
          null,
          null,
          1,
          1,
          null,
          null,
          1,
          1,
          1,
          1,
          null,
          null,
          null,
          null,
          1,
          1,
          1,
          null,
          null,
          1,
          1,
          null,
          null,
          1,
          1,
          null,
          null,
          1,
          1,
          null,
          1,
          null,
          null
        ]
      }
    },
    "timestamp": 1623610162
  }
}
